###############################################################
#  Generated by:      Cadence Encounter 09.12-s159_1
#  OS:                Linux x86_64(Host ID ug179.eecg)
#  Generated on:      Sat Apr  4 21:03:37 2015
#  Command:           verifyGeometry
###############################################################

SHORT: Regular Via of Net waddr[0] & Blockage of Cell waddr_reg[0]  ( M1 )
Bounds : ( 56.450, 42.950 ) ( 57.150, 43.650 )


SHORT: Regular Via of Net opcode[1] & Blockage of Cell opcode_reg[1]  ( M1 )
Bounds : ( 113.850, 42.950 ) ( 114.550, 43.650 )


SHORT: Regular Via of Net opcode[2] & Blockage of Cell opcode_reg[2]  ( M1 )
Bounds : ( 97.050, 42.950 ) ( 97.750, 43.650 )


SHORT: Regular Via of Net n83 & Blockage of Cell U105  ( M1 )
Bounds : ( 131.850, 42.950 ) ( 132.550, 43.650 )


SHORT: Regular Via of Net n82 & Blockage of Cell U103  ( M1 )
Bounds : ( 118.050, 42.950 ) ( 118.550, 43.650 )


SHORT: Regular Via of Net n80 & Blockage of Cell U116  ( M1 )
Bounds : ( 106.650, 30.350 ) ( 107.350, 31.050 )


SHORT: Regular Via of Net n74 & Blockage of Cell U115  ( M1 )
Bounds : ( 137.650, 42.950 ) ( 138.150, 43.650 )


SHORT: Regular Via of Net n72 & Blockage of Cell opcode_reg[2]  ( M1 )
Bounds : ( 94.250, 42.950 ) ( 94.750, 43.650 )


SHORT: Regular Via of Net n70 & Blockage of Cell U106  ( M1 )
Bounds : ( 120.650, 42.950 ) ( 121.350, 43.650 )


SHORT: Regular Via of Net n68 & Blockage of Cell U99  ( M1 )
Bounds : ( 132.050, 37.550 ) ( 132.750, 38.250 )


SHORT: Regular Via of Net n27 & Blockage of Cell waddr_reg[0]  ( M1 )
Bounds : ( 53.650, 42.950 ) ( 54.150, 43.650 )


SHORT: Regular Via of Net N13 & Blockage of Cell U21  ( M1 )
Bounds : ( 76.050, 24.950 ) ( 76.550, 25.650 )


SHORT: Regular Wire of Net shl & Blockage of Cell shctl_reg[0]  ( M1 )
Bounds : ( 3.050, 5.300 ) ( 3.500, 5.850 )


SHORT: Regular Via of Net notFBEn[0] & Blockage of Cell U19  ( M1 )
Bounds : ( 18.650, 17.750 ) ( 19.150, 18.450 )


SHORT: Regular Via of Net notFBEn[1] & Blockage of Cell U18  ( M1 )
Bounds : ( 28.450, 17.750 ) ( 28.950, 18.450 )


SHORT: Regular Via of Net notFBEn[2] & Blockage of Cell U17  ( M1 )
Bounds : ( 46.650, 17.750 ) ( 47.150, 18.450 )


SHORT: Regular Via of Net N[0] & Blockage of Cell U110  ( M1 )
Bounds : ( 127.650, 17.750 ) ( 128.350, 18.450 )


SHORT: Regular Via of Net L[3] & Blockage of Cell U91  ( M1 )
Bounds : ( 120.850, 5.150 ) ( 121.350, 5.850 )



Begin Summary ...
  Cells       : 0
  SameNet     : 0
  Wiring      : 0
  Antenna     : 0
  Short       : 18
  Overlap     : 0
End Summary

  Total Violations : 18 Viols.
