 
****************************************
Report : area
Design : FA
Version: X-2005.09
Date   : Wed Mar 11 17:15:33 2015
****************************************

Library(s) Used:

    ece451_cells (File: /cad2/ece451/synopsys/ece451_cells.db)

Number of ports:                6
Number of nets:                20
Number of cells:               13
Number of references:           6

Combinational area:        582.119934
Noncombinational area:    1358.279907
Net Interconnect area:       0.284977  

Total cell area:          1940.400024
Total area:               1940.684814
1
design_analyzer>  
****************************************
Report : timing
        -path full
        -delay max
        -max_paths 1
Design : FA
Version: X-2005.09
Date   : Wed Mar 11 17:15:33 2015
****************************************

Operating Conditions: nom_pvt   Library: ece451_cells
Wire Load Model Mode: top

  Startpoint: c_reg (rising edge-triggered flip-flop clocked by clk)
  Endpoint: carry_out_reg
            (rising edge-triggered flip-flop clocked by clk)
  Path Group: clk
  Path Type: max

  Des/Clust/Port     Wire Load Model       Library
  ------------------------------------------------
  FA                 q35_27k               ece451_cells

  Point                                    Incr       Path
  -----------------------------------------------------------
  clock clk (rise edge)                    0.00       0.00
  clock network delay (ideal)              0.00       0.00
  c_reg/C (fdp1)                           0.00       0.00 r
  c_reg/NQ (fdp1)                          0.74       0.74 f
  U44/NQ (na2p1)                           0.22       0.95 r
  U45/NQ (na2p1)                           0.17       1.12 f
  U47/NQ (na2p1)                           0.18       1.30 r
  carry_out_reg/D (fdp1)                   0.00       1.30 r
  data arrival time                                   1.30

  clock clk (rise edge)                    1.40       1.40
  clock network delay (ideal)              0.00       1.40
  carry_out_reg/C (fdp1)                   0.00       1.40 r
  library setup time                      -0.09       1.31
  data required time                                  1.31
  -----------------------------------------------------------
  data required time                                  1.31
  data arrival time                                  -1.30
  -----------------------------------------------------------
  slack (MET)                                         0.01


1
design_analyzer> 