 
****************************************
Report : area
Design : FA
Version: X-2005.09
Date   : Wed Mar 11 19:43:47 2015
****************************************

Library(s) Used:

    ece451_cells (File: /cad2/ece451/synopsys/ece451_cells.db)

Number of ports:                6
Number of nets:                20
Number of cells:               13
Number of references:           6

Combinational area:        599.759949
Noncombinational area:    1428.839966
Net Interconnect area:       0.284977  

Total cell area:          2028.599976
Total area:               2028.884888
1
design_analyzer>  
****************************************
Report : timing
        -path full
        -delay max
        -max_paths 1
Design : FA
Version: X-2005.09
Date   : Wed Mar 11 19:43:47 2015
****************************************

Operating Conditions: nom_pvt   Library: ece451_cells
Wire Load Model Mode: top

  Startpoint: a_reg (rising edge-triggered flip-flop clocked by clk)
  Endpoint: sum_out_reg
            (rising edge-triggered flip-flop clocked by clk)
  Path Group: clk
  Path Type: max

  Des/Clust/Port     Wire Load Model       Library
  ------------------------------------------------
  FA                 q35_27k               ece451_cells

  Point                                    Incr       Path
  -----------------------------------------------------------
  clock clk (rise edge)                    0.00       0.00
  clock network delay (ideal)              0.00       0.00
  a_reg/C (fdp2)                           0.00       0.00 r
  a_reg/Q (fdp2)                           0.57       0.57 f
  U93/Q (xo2p2)                            0.40       0.97 r
  U92/NQ (xn2p2)                           0.31       1.28 r
  sum_out_reg/D (fdp1)                     0.00       1.28 r
  data arrival time                                   1.28

  clock clk (rise edge)                    1.30       1.30
  clock network delay (ideal)              0.00       1.30
  sum_out_reg/C (fdp1)                     0.00       1.30 r
  library setup time                      -0.09       1.21
  data required time                                  1.21
  -----------------------------------------------------------
  data required time                                  1.21
  data arrival time                                  -1.28
  -----------------------------------------------------------
  slack (VIOLATED)                                   -0.07


1
design_analyzer> 
