###############################################################
#  Generated by:      Cadence Encounter 09.12-s159_1
#  OS:                Linux x86_64(Host ID ug179.eecg)
#  Generated on:      Sun Mar 29 22:42:18 2015
#  Command:           verifyGeometry
###############################################################

SHORT: Regular Via of Net waddr[1] & Blockage of Cell waddr_reg[1]  ( M1 )
Bounds : ( 18.650, 24.950 ) ( 19.350, 25.650 )


SHORT: Regular Via of Net opcode[0] & Blockage of Cell opcode_reg[0]  ( M1 )
Bounds : ( 102.650, 50.150 ) ( 103.350, 50.850 )


SHORT: Regular Via of Net opcode[1] & Blockage of Cell opcode_reg[1]  ( M1 )
Bounds : ( 119.450, 50.150 ) ( 120.150, 50.850 )


SHORT: Regular Via of Net opcode[2] & Blockage of Cell opcode_reg[2]  ( M1 )
Bounds : ( 94.250, 30.350 ) ( 94.950, 31.050 )


SHORT: Regular Via of Net n83 & Blockage of Cell U105  ( M1 )
Bounds : ( 134.650, 30.350 ) ( 135.350, 31.050 )


SHORT: Regular Via of Net n81 & Blockage of Cell U97  ( M1 )
Bounds : ( 145.850, 30.350 ) ( 146.550, 31.050 )


SHORT: Regular Via of Net n75 & Blockage of Cell U102  ( M1 )
Bounds : ( 143.250, 30.350 ) ( 143.750, 31.050 )


SHORT: Regular Via of Net n68 & Blockage of Cell U99  ( M1 )
Bounds : ( 133.450, 30.350 ) ( 134.150, 31.050 )


SHORT: Regular Via of Net n59 & Blockage of Cell U85  ( M1 )
Bounds : ( 80.250, 24.950 ) ( 80.750, 25.650 )


SHORT: Regular Via of Net n25 & Blockage of Cell opcode_reg[0]  ( M1 )
Bounds : ( 99.850, 50.150 ) ( 100.350, 50.850 )


SHORT: Regular Via of Net shr & Blockage of Cell shctl_reg[1]  ( M1 )
Bounds : ( 3.050, 12.350 ) ( 3.750, 13.050 )


SHORT: Regular Via of Net notshl & Blockage of Cell shctl_reg[0]  ( M1 )
Bounds : ( 6.050, 30.350 ) ( 6.550, 31.050 )


SHORT: Regular Via of Net shl & Blockage of Cell shctl_reg[0]  ( M1 )
Bounds : ( 3.050, 30.350 ) ( 3.750, 31.050 )


SHORT: Regular Via of Net N[3] & Blockage of Cell U114  ( M1 )
Bounds : ( 126.450, 30.350 ) ( 126.950, 31.050 )


SHORT: Regular Via of Net M[1] & Blockage of Cell U89  ( M1 )
Bounds : ( 113.850, 12.350 ) ( 114.350, 13.050 )


SHORT: Regular Via of Net M[2] & Blockage of Cell U90  ( M1 )
Bounds : ( 109.650, 17.750 ) ( 110.150, 18.450 )


SHORT: Regular Via of Net L[3] & Blockage of Cell U91  ( M1 )
Bounds : ( 125.050, 12.350 ) ( 125.550, 13.050 )



Begin Summary ...
  Cells       : 0
  SameNet     : 0
  Wiring      : 0
  Antenna     : 0
  Short       : 17
  Overlap     : 0
End Summary

  Total Violations : 17 Viols.
